#
# There is insufficient memory for the Java Runtime Environment to continue.
# Native memory allocation (mmap) failed to map 402653184 bytes for G1 virtual space
# Possible reasons:
#   The system is out of physical RAM or swap space
#   The process is running with CompressedOops enabled, and the Java Heap may be blocking the growth of the native heap
# Possible solutions:
#   Reduce memory load on the system
#   Increase physical memory or swap space
#   Check if swap backing store is full
#   Decrease Java heap size (-Xmx/-Xms)
#   Decrease number of Java threads
#   Decrease Java thread stack sizes (-Xss)
#   Set larger code cache with -XX:ReservedCodeCacheSize=
#   JVM is running with Zero Based Compressed Oops mode in which the Java heap is
#     placed in the first 32GB address space. The Java Heap base address is the
#     maximum limit for the native heap growth. Please use -XX:HeapBaseMinAddress
#     to set the Java Heap base and to place the Java Heap above 32GB virtual address.
# This output file may be truncated or incomplete.
#
#  Out of Memory Error (os_windows.cpp:3528), pid=11704, tid=7796
#
# JRE version:  (20.0.1+9) (build )
# Java VM: OpenJDK 64-Bit Server VM (20.0.1+9-29, mixed mode, sharing, tiered, compressed oops, compressed class ptrs, g1 gc, windows-amd64)
# No core dump will be written. Minidumps are not enabled by default on client versions of Windows
#

---------------  S U M M A R Y ------------

Command Line: -javaagent:C:\Program Files\JetBrains\IntelliJ IDEA Community Edition 2023.1\lib\idea_rt.jar=54423:C:\Program Files\JetBrains\IntelliJ IDEA Community Edition 2023.1\bin -Dfile.encoding=UTF-8 -Dsun.stdout.encoding=UTF-8 -Dsun.stderr.encoding=UTF-8 com.crud_ci.ci.CiApplication

Host: Intel(R) Core(TM) i7-10510U CPU @ 1.80GHz, 8 cores, 23G,  Windows 11 , 64 bit Build 22000 (10.0.22000.2003)
Time: Tue Jun 13 12:18:24 2023 SA Pacific Standard Time elapsed time: 0.034029 seconds (0d 0h 0m 0s)

---------------  T H R E A D  ---------------

Current thread (0x0000021e1a401260):  JavaThread "Unknown thread" [_thread_in_vm, id=7796, stack(0x000000f92cf00000,0x000000f92d000000)]

Stack: [0x000000f92cf00000,0x000000f92d000000]
Native frames: (J=compiled Java code, j=interpreted, Vv=VM code, C=native code)
V  [jvm.dll+0x6bb95a]
V  [jvm.dll+0x8485fa]
V  [jvm.dll+0x84a1f5]
V  [jvm.dll+0x84a8f3]
V  [jvm.dll+0x280b0f]
V  [jvm.dll+0x6b86e9]
V  [jvm.dll+0x6ad2da]
V  [jvm.dll+0x35adf5]
V  [jvm.dll+0x363016]
V  [jvm.dll+0x3b3b3e]
V  [jvm.dll+0x3b3dc5]
V  [jvm.dll+0x32b50a]
V  [jvm.dll+0x32c32b]
V  [jvm.dll+0x8112bf]
V  [jvm.dll+0x3c0d91]
V  [jvm.dll+0x7fcfe3]
V  [jvm.dll+0x44c76f]
V  [jvm.dll+0x44e0e1]
C  [jli.dll+0x5287]
C  [ucrtbase.dll+0x26c0c]
C  [KERNEL32.DLL+0x155a0]
C  [ntdll.dll+0x485b]


---------------  P R O C E S S  ---------------

Threads class SMR info:
_java_thread_list=0x00007ffc1368a098, length=0, elements={
}

Java Threads: ( => current thread )

Other Threads:
  0x0000021e1a48e100 WorkerThread "GC Thread#0" [stack: 0x000000f92d000000,0x000000f92d100000] [id=18764]
  0x0000021e1a49ae50 ConcurrentGCThread "G1 Main Marker" [stack: 0x000000f92d100000,0x000000f92d200000] [id=17084]
  0x0000021e1a49b880 WorkerThread "G1 Conc#0" [stack: 0x000000f92d200000,0x000000f92d300000] [id=12312]

[error occurred during error reporting (printing all threads), id 0xc0000005, EXCEPTION_ACCESS_VIOLATION (0xc0000005) at pc=0x00007ffc12e6eb47]
VM state: not at safepoint (not fully initialized)

VM Mutex/Monitor currently owned by a thread:  ([mutex/lock_event])
[0x0000021e1a3fc3e0] Heap_lock - owner thread: 0x0000021e1a401260

Heap address: 0x0000000683800000, size: 6088 MB, Compressed Oops mode: Zero based, Oop shift amount: 3

CDS archive(s) mapped at: [0x0000000000000000-0x0000000000000000-0x0000000000000000), size 0, SharedBaseAddress: 0x0000000800000000, ArchiveRelocationMode: 0.
Narrow klass base: 0x0000000000000000, Narrow klass shift: 0, Narrow klass range: 0x0

GC Precious Log:
 CardTable entry size: 512
 Card Set container configuration: InlinePtr #cards 4 size 8 Array Of Cards #cards 32 size 80 Howl #buckets 8 coarsen threshold 7372 Howl Bitmap #cards 1024 size 144 coarsen threshold 921 Card regions per heap region 1 cards per card region 8192

Heap:
 garbage-first heap   total 0K, used 0K [0x0000000683800000, 0x0000000800000000)
  region size 4096K, 0 young (0K), 0 survivors (0K)

[error occurred during error reporting (printing heap information), id 0xc0000005, EXCEPTION_ACCESS_VIOLATION (0xc0000005) at pc=0x00007ffc13243c59]
GC Heap History (0 events):
No events

Dll operation events (1 events):
Event: 0.013 Loaded shared library C:\Users\Admin\.jdks\openjdk-20.0.1\bin\java.dll

Deoptimization events (0 events):
No events

Classes loaded (0 events):
No events

Classes unloaded (0 events):
No events

Classes redefined (0 events):
No events

Internal exceptions (0 events):
No events

VM Operations (0 events):
No events

Events (0 events):
No events


Dynamic libraries:
0x00007ff6c9030000 - 0x00007ff6c903e000 	C:\Users\Admin\.jdks\openjdk-20.0.1\bin\java.exe
0x00007ffcc9c20000 - 0x00007ffcc9e29000 	C:\WINDOWS\SYSTEM32\ntdll.dll
0x00007ffcc8520000 - 0x00007ffcc85de000 	C:\WINDOWS\System32\KERNEL32.DLL
0x00007ffcc7530000 - 0x00007ffcc78b4000 	C:\WINDOWS\System32\KERNELBASE.dll
0x00007ffc86180000 - 0x00007ffc8619b000 	C:\Users\Admin\.jdks\openjdk-20.0.1\bin\VCRUNTIME140.dll
0x00007ffc85760000 - 0x00007ffc85777000 	C:\Users\Admin\.jdks\openjdk-20.0.1\bin\jli.dll
0x00007ffcc78c0000 - 0x00007ffcc79d1000 	C:\WINDOWS\System32\ucrtbase.dll
0x00007ffcc94f0000 - 0x00007ffcc969d000 	C:\WINDOWS\System32\USER32.dll
0x00007ffcafd20000 - 0x00007ffcaffc5000 	C:\WINDOWS\WinSxS\amd64_microsoft.windows.common-controls_6595b64144ccf1df_6.0.22000.120_none_9d947278b86cc467\COMCTL32.dll
0x00007ffcc7d30000 - 0x00007ffcc7dd3000 	C:\WINDOWS\System32\msvcrt.dll
0x00007ffcc7d00000 - 0x00007ffcc7d2a000 	C:\WINDOWS\System32\GDI32.dll
0x00007ffcc70c0000 - 0x00007ffcc71df000 	C:\WINDOWS\System32\gdi32full.dll
0x00007ffcc79e0000 - 0x00007ffcc7a7d000 	C:\WINDOWS\System32\msvcp_win.dll
0x00007ffcc7350000 - 0x00007ffcc7376000 	C:\WINDOWS\System32\win32u.dll
0x00007ffcc94b0000 - 0x00007ffcc94e1000 	C:\WINDOWS\System32\IMM32.DLL
0x00007ffc9cc50000 - 0x00007ffc9cc5c000 	C:\Users\Admin\.jdks\openjdk-20.0.1\bin\vcruntime140_1.dll
0x00007ffc5b840000 - 0x00007ffc5b8ce000 	C:\Users\Admin\.jdks\openjdk-20.0.1\bin\msvcp140.dll
0x00007ffc12b30000 - 0x00007ffc137c7000 	C:\Users\Admin\.jdks\openjdk-20.0.1\bin\server\jvm.dll
0x00007ffcc92a0000 - 0x00007ffcc934f000 	C:\WINDOWS\System32\ADVAPI32.dll
0x00007ffcc8400000 - 0x00007ffcc849e000 	C:\WINDOWS\System32\sechost.dll
0x00007ffcc9350000 - 0x00007ffcc9471000 	C:\WINDOWS\System32\RPCRT4.dll
0x00007ffcbbcb0000 - 0x00007ffcbbce3000 	C:\WINDOWS\SYSTEM32\WINMM.dll
0x00007ffca6560000 - 0x00007ffca6569000 	C:\WINDOWS\SYSTEM32\WSOCK32.dll
0x00007ffcc7a80000 - 0x00007ffcc7aef000 	C:\WINDOWS\System32\WS2_32.dll
0x00007ffcbad10000 - 0x00007ffcbad1a000 	C:\WINDOWS\SYSTEM32\VERSION.dll
0x00007ffcc60f0000 - 0x00007ffcc6108000 	C:\WINDOWS\SYSTEM32\kernel.appcore.dll
0x00007ffc9c240000 - 0x00007ffc9c24a000 	C:\Users\Admin\.jdks\openjdk-20.0.1\bin\jimage.dll
0x00007ffcbf960000 - 0x00007ffcbfb81000 	C:\WINDOWS\SYSTEM32\DBGHELP.DLL
0x00007ffcb2c20000 - 0x00007ffcb2c51000 	C:\WINDOWS\SYSTEM32\dbgcore.DLL
0x00007ffcc73f0000 - 0x00007ffcc746f000 	C:\WINDOWS\System32\bcryptPrimitives.dll
0x00007ffc9cb70000 - 0x00007ffc9cb7e000 	C:\Users\Admin\.jdks\openjdk-20.0.1\bin\instrument.dll
0x00007ffc7ef50000 - 0x00007ffc7ef76000 	C:\Users\Admin\.jdks\openjdk-20.0.1\bin\java.dll

dbghelp: loaded successfully - version: 4.0.5 - missing functions: none
symbol engine: initialized successfully - sym options: 0x614 - pdb path: .;C:\Users\Admin\.jdks\openjdk-20.0.1\bin;C:\WINDOWS\SYSTEM32;C:\WINDOWS\WinSxS\amd64_microsoft.windows.common-controls_6595b64144ccf1df_6.0.22000.120_none_9d947278b86cc467;C:\Users\Admin\.jdks\openjdk-20.0.1\bin\server

VM Arguments:
jvm_args: -javaagent:C:\Program Files\JetBrains\IntelliJ IDEA Community Edition 2023.1\lib\idea_rt.jar=54423:C:\Program Files\JetBrains\IntelliJ IDEA Community Edition 2023.1\bin -Dfile.encoding=UTF-8 -Dsun.stdout.encoding=UTF-8 -Dsun.stderr.encoding=UTF-8 
java_command: com.crud_ci.ci.CiApplication
java_class_path (initial): C:\Users\Admin\Downloads\segunda entrega\inventarioCI\out\production\classes;C:\Users\Admin\Downloads\segunda entrega\inventarioCI\out\production\resources;C:\Users\Admin\.gradle\caches\modules-2\files-2.1\org.springframework.boot\spring-boot-starter-data-jpa\3.0.4\a30a9ab237e22f82251ef67532d34d23cebbf20d\spring-boot-starter-data-jpa-3.0.4.jar;C:\Users\Admin\.gradle\caches\modules-2\files-2.1\org.springframework.boot\spring-boot-starter-web\3.0.4\6a7405b436c6943f056cdbab587fe48bdc2b4911\spring-boot-starter-web-3.0.4.jar;C:\Users\Admin\.gradle\caches\modules-2\files-2.1\org.springframework.boot\spring-boot-starter-aop\3.1.0\417ff6178235117614e2673ad9c24fd530437deb\spring-boot-starter-aop-3.1.0.jar;C:\Users\Admin\.gradle\caches\modules-2\files-2.1\org.springframework.boot\spring-boot-starter-jdbc\3.1.0\1a828c8ec6fd10bb13cf7732799b236b096a4c4a\spring-boot-starter-jdbc-3.1.0.jar;C:\Users\Admin\.gradle\caches\modules-2\files-2.1\org.hibernate.orm\hibernate-core\6.2.2.Final\56cacc4b7b1c887174c73e9c206bdef6272f87e7\hibernate-core-6.2.2.Final.jar;C:\Users\Admin\.gradle\caches\modules-2\files-2.1\org.springframework.data\spring-data-jpa\3.1.0\bed32c8c47d3493091dd6aafd95adba610d9adeb\spring-data-jpa-3.1.0.jar;C:\Users\Admin\.gradle\caches\modules-2\files-2.1\org.springframework\spring-aspects\6.0.9\3b06099725350189816fcfad01834450378500ca\spring-aspects-6.0.9.jar;C:\Users\Admin\.gradle\caches\modules-2\files-2.1\org.springframework.boot\spring-boot-starter-json\3.1.0\546bd372bc070339c4255ed37f4f0ff5aafa2648\spring-boot-starter-json-3.1.0.jar;C:\Users\Admin\.gradle\caches\modules-2\files-2.1\org.springframework.boot\spring-boot-starter\3.1.0\2960a1f899f4ee3eb815dc85986b0428c1a5289f\spring-boot-starter-3.1.0.jar;C:\Users\Admin\.gradle\caches\modules-2\files-2.1\org.springframework.boot\spring-boot-starter-tomcat\3.1.0\e7ea53de5a58aaf63f0e3a80d438f7dfc0b9806b\spring-boot-starter-tomcat-3.1.0.jar;C:\Users\Admin\.gradle\caches\modules-2\files-2.1\org.springframework\spring-webmvc\6.0.9\e127c07a23403832d0c6292f4a0bf8c7a2b7329f\spring-webmvc-6.0.9.jar;C:\Users\Admin\.gradle\caches\modules-2\files-2.1\org.springframework\spring-web\6.0.9\2837dec8a75ecfdad367d6c30ce9cbdfc89caa7a\spring-web-6.0.9.jar;C:\Users\Admin\.gradle\caches\modules-2\files-2.1\org.springframework\spring-aop\6.0.9\8c1025bf9c1dc66f5268639866b5a45ed9bc62ef\spring-aop-6.0.9.jar;C:\Users\Admin\.gradle\caches\modules-2\files-2.1\org.aspectj\aspectjweaver\1.9.19\afbffb1210239fbba5cad73093c5b216d515838f\aspectjweaver-1.9.19.jar;C:\Users\Admin\.gradle\caches\modules-2\files-2.1\com.zaxxer\HikariCP\5.0.1\a74c7f0a37046846e88d54f7cb6ea6d565c65f9c\HikariCP-5.0.1.jar;C:\Users\Admin\.gradle\caches\modules-2\files-2.1\org.springframework\spring-jdbc\6.0.9\814fe718b4d17187081c8efa66aaad7754d4675b\spring-jdbc-6.0.9.jar;C:\Users\Admin\.gradle\caches\modules-2\files-2.1\jakarta.persistence\jakarta.persistence-api\3.1.0\66901fa1c373c6aff65c13791cc11da72060a8d6\jakarta.persistence-api-3.1.0.jar;C:\Users\Admin\.gradle\caches\modules-2\files-2.1\jakarta.transaction\jakarta.transaction-api\2.0.1\51a520e3fae406abb84e2e1148e6746ce3f80a1a\jakarta.transaction-api-2.0.1.jar;C:\Users\Admin\.gradle\caches\modules-2\files-2.1\org.springframework\spring-context\6.0.9\be88c57829b9ec038774b47c241ac45673352a55\spring-context-6.0.9.jar;C:\Users\Admin\.gradle\caches\modules-2\files-2.1\org.springframework\spring-orm\6.0.9\b211685d9f7499402b74f02a5b32447032095ac6\spring-orm-6.0.9.jar;C:\Users\Admin\.gradle\caches\modules-2\files-2.1\org.springframework.data\spring-data-commons\3.1.0\d0af470d565f2de864faeeb45181d2305510df3a\spring-data-commons-3.1.0.jar;C:\Users\Admin\.gradle\caches\modules-2\files-2.1\org.springframework\spring-tx\6.0.9\89818f4cc656107709d3db6b238ed9b776d3dbb4\spring-tx-6.0.9.jar;C:\Users\Admin\.gradle\caches\modules-2\files-2.1\org.springframework\spring-beans\6.0.9\745619eee32c8ead88a21c97748d2416f1db8dd9\spring-beans-6.0.9.jar;C:\Users\Admin\.gradle\caches\modules-2\files-2.1\org.springframework\spring-core\6.0.9\284ed111fa0b49b29f6fea6ac0afa402b809e427\spring-core-6.0.9.jar;C:\Users\Admin\.gradle\caches\modules-2\files-2.1\org.antlr\antlr4-runtime\4.10.1\10839f875928f59c622d675091d51a43ea0dc5f7\antlr4-runtime-4.10.1.jar;C:\Users\Admin\.gradle\caches\modules-2\files-2.1\jakarta.annotation\jakarta.annotation-api\2.1.1\48b9bda22b091b1f48b13af03fe36db3be6e1ae3\jakarta.annotation-api-2.1.1.jar;C:\Users\Admin\.gradle\caches\modules-2\files-2.1\org.slf4j\slf4j-api\2.0.7\41eb7184ea9d556f23e18b5cb99cad1f8581fc00\slf4j-api-2.0.7.jar;C:\Users\Admin\.gradle\caches\modules-2\files-2.1\com.fasterxml.jackson.datatype\jackson-datatype-jsr310\2.15.0\3c3a0cfba09271fab4603224f2c2e21c6ddf6dc4\jackson-datatype-jsr310-2.15.0.jar;C:\Users\Admin\.gradle\caches\modules-2\files-2.1\com.fasterxml.jackson.module\jackson-module-parameter-names\2.15.0\b900bd44597ba9a8b348b49428f457d5f16fc302\jackson-module-parameter-names-2.15.0.jar;C:\Users\Admin\.gradle\caches\modules-2\files-2.1\com.fasterxml.jackson.datatype\jackson-datatype-jdk8\2.15.0\ddfd375d4df3a4c149bf7d5d71c45b91909cf31f\jackson-datatype-jdk8-2.15.0.jar;C:\Users\Admin\.gradle\caches\modules-2\files-2.1\com.fasterxml.jackson.core\jackson-databind\2.15.0\d41caa3a4e9f85382702a059a65c512f85ac230\jackson-databind-2.15.0.jar;C:\Users\Admin\.gradle\caches\modules-2\files-2.1\org.springframework.boot\spring-boot-autoconfigure\3.1.0\b06d1f0b08f6f8a2636e364c8941b2dabc4f0b77\spring-boot-autoconfigure-3.1.0.jar;C:\Users\Admin\.gradle\caches\modules-2\files-2.1\org.springframework.boot\spring-boot\3.1.0\efa941e9a2162a3dd8c5e4679f46a24af9e5769f\spring-boot-3.1.0.jar;C:\Users\Admin\.gradle\caches\modules-2\files-2.1\org.springframework.boot\spring-boot-starter-logging\3.1.0\4784b6e2adfe32720a4e2c009a62650835bba391\spring-boot-starter-logging-3.1.0.jar;C:\Users\Admin\.gradle\caches\modules-2\files-2.1\org.yaml\snakeyaml\1.33\2cd0a87ff7df953f810c344bdf2fe3340b954c69\snakeyaml-1.33.jar;C:\Users\Admin\.gradle\caches\modules-2\files-2.1\org.apache.tomcat.embed\tomcat-embed-websocket\10.1.8\7abb8ab966dd135924c8e69cb2f1db735dee5f23\tomcat-embed-websocket-10.1.8.jar;C:\Users\Admin\.gradle\caches\modules-2\files-2.1\org.apache.tomcat.embed\tomcat-embed-core\10.1.8\ec4b884806c65c80c86bb3db134f6f6f99e79ed8\tomcat-embed-core-10.1.8.jar;C:\Users\Admin\.gradle\caches\modules-2\files-2.1\org.apache.tomcat.embed\tomcat-embed-el\10.1.8\6f3a4ae2ae37270eeb6e9bec4e7207facdc9e8fa\tomcat-embed-el-10.1.8.jar;C:\Users\Admin\.gradle\caches\modules-2\files-2.1\org.springframework\spring-expression\6.0.9\f50a1df7ed038ee7ca85528aff652cef4ff4883b\spring-expression-6.0.9.jar;C:\Users\Admin\.gradle\caches\modules-2\files-2.1\io.micrometer\micrometer-observation\1.11.0\b3d1b34d16e7e8fa9087c5d51ec39bc3005e2733\micrometer-observation-1.11.0.jar;C:\Users\Admin\.gradle\caches\modules-2\files-2.1\org.springframework\spring-jcl\6.0.9\88d9ddfc6bbbf4047c2a8de8de94a425b06f636a\spring-jcl-6.0.9.jar;C:\Users\Admin\.gradle\caches\modules-2\files-2.1\com.fasterxml.jackson.core\jackson-annotations\2.15.0\89b0fd554928425a776a6e97ed010034312af21d\jackson-annotations-2.15.0.jar;C:\Users\Admin\.gradle\caches\modules-2\files-2.1\com.fasterxml.jackson.core\jackson-core\2.15.0\12f334a1dc9c6d2854c43ae314024dde8b3ad572\jackson-core-2.15.0.jar;C:\Users\Admin\.gradle\caches\modules-2\files-2.1\ch.qos.logback\logback-classic\1.4.7\307944865579a6d490e6a4cbb5082dc8f36536ca\logback-classic-1.4.7.jar;C:\Users\Admin\.gradle\caches\modules-2\files-2.1\org.apache.logging.log4j\log4j-to-slf4j\2.20.0\d37f81f8978e2672bc32c82712ab4b3f66624adc\log4j-to-slf4j-2.20.0.jar;C:\Users\Admin\.gradle\caches\modules-2\files-2.1\org.slf4j\jul-to-slf4j\2.0.7\a48f44aeaa8a5ddc347007298a28173ac1fbbd8b\jul-to-slf4j-2.0.7.jar;C:\Users\Admin\.gradle\caches\modules-2\files-2.1\io.micrometer\micrometer-commons\1.11.0\5de5da6be4f01128ab3995acdf86f2844137d4e4\micrometer-commons-1.11.0.jar;C:\Users\Admin\.gradle\caches\modules-2\files-2.1\ch.randelshofer\fastdoubleparser\0.8.0\85c25540369921659556ead85e02c99ef0d24280\fastdoubleparser-0.8.0.jar;C:\Users\Admin\.gradle\caches\modules-2\files-2.1\ch.qos.logback\logback-core\1.4.7\a2948dae4013d0e9486141b4d638d8951becb767\logback-core-1.4.7.jar;C:\Users\Admin\.gradle\caches\modules-2\files-2.1\org.apache.logging.log4j\log4j-api\2.20.0\1fe6082e660daf07c689a89c94dc0f49c26b44bb\log4j-api-2.20.0.jar;C:\Users\Admin\.gradle\caches\modules-2\files-2.1\com.mysql\mysql-connector-j\8.0.33\9e64d997873abc4318620264703d3fdb6b02dd5a\mysql-connector-j-8.0.33.jar;C:\Users\Admin\.gradle\caches\modules-2\files-2.1\org.jboss.logging\jboss-logging\3.5.0.Final\c19307cc11f28f5e2679347e633a3294d865334d\jboss-logging-3.5.0.Final.jar;C:\Users\Admin\.gradle\caches\modules-2\files-2.1\org.hibernate.common\hibernate-commons-annotations\6.0.6.Final\77a5f94b56d49508e0ee334751db5b78e5ccd50c\hibernate-commons-annotations-6.0.6.Final.jar;C:\Users\Admin\.gradle\caches\modules-2\files-2.1\io.smallrye\jandex\3.0.5\c548a4871b552292dbdd65409d3fda145c8925c1\jandex-3.0.5.jar;C:\Users\Admin\.gradle\caches\modules-2\files-2.1\com.fasterxml\classmate\1.5.1\3fe0bed568c62df5e89f4f174c101eab25345b6c\classmate-1.5.1.jar;C:\Users\Admin\.gradle\caches\modules-2\files-2.1\net.bytebuddy\byte-buddy\1.14.4\20498aaec9b00a5cfdb831e7bf68feafa833ce4b\byte-buddy-1.14.4.jar;C:\Users\Admin\.gradle\caches\modules-2\files-2.1\org.glassfish.jaxb\jaxb-runtime\4.0.2\e4e4e0c5b0d42054d00dc4023901572a60d368c7\jaxb-runtime-4.0.2.jar;C:\Users\Admin\.gradle\caches\modules-2\files-2.1\jakarta.xml.bind\jakarta.xml.bind-api\4.0.0\bbb399208d288b15ec101fa4fcfc4bd77cedc97a\jakarta.xml.bind-api-4.0.0.jar;C:\Users\Admin\.gradle\caches\modules-2\files-2.1\jakarta.inject\jakarta.inject-api\2.0.1\4c28afe1991a941d7702fe1362c365f0a8641d1e\jakarta.inject-api-2.0.1.jar;C:\Users\Admin\.gradle\caches\modules-2\files-2.1\org.glassfish.jaxb\jaxb-core\4.0.2\8c29249f6c10f4ee08967783831580b0f5c5360\jaxb-core-4.0.2.jar;C:\Users\Admin\.gradle\caches\modules-2\files-2.1\jakarta.activation\jakarta.activation-api\2.1.2\640c0d5aff45dbff1e1a1bc09673ff3a02b1ba12\jakarta.activation-api-2.1.2.jar;C:\Users\Admin\.gradle\caches\modules-2\files-2.1\org.eclipse.angus\angus-activation\2.0.0\72369f4e2314d38de2dcbb277141ef0226f73151\angus-activation-2.0.0.jar;C:\Users\Admin\.gradle\caches\modules-2\files-2.1\org.glassfish.jaxb\txw2\4.0.2\24e167be69c29ebb7ee0a3b1f9b546f1dfd111fc\txw2-4.0.2.jar;C:\Users\Admin\.gradle\caches\modules-2\files-2.1\com.sun.istack\istack-commons-runtime\4.1.1\9b3769c76235bc283b060da4fae2318c6d53f07e\istack-commons-runtime-4.1.1.jar
Launcher Type: SUN_STANDARD

[Global flags]
     intx CICompilerCount                          = 4                                         {product} {ergonomic}
     uint ConcGCThreads                            = 2                                         {product} {ergonomic}
     uint G1ConcRefinementThreads                  = 8                                         {product} {ergonomic}
   size_t G1HeapRegionSize                         = 4194304                                   {product} {ergonomic}
    uintx GCDrainStackTargetSize                   = 64                                        {product} {ergonomic}
   size_t InitialHeapSize                          = 402653184                                 {product} {ergonomic}
   size_t MarkStackSize                            = 4194304                                   {product} {ergonomic}
   size_t MaxHeapSize                              = 6383730688                                {product} {ergonomic}
   size_t MinHeapDeltaBytes                        = 4194304                                   {product} {ergonomic}
   size_t MinHeapSize                              = 8388608                                   {product} {ergonomic}
    uintx NonNMethodCodeHeapSize                   = 5839372                                {pd product} {ergonomic}
    uintx NonProfiledCodeHeapSize                  = 122909434                              {pd product} {ergonomic}
    uintx ProfiledCodeHeapSize                     = 122909434                              {pd product} {ergonomic}
    uintx ReservedCodeCacheSize                    = 251658240                              {pd product} {ergonomic}
     bool SegmentedCodeCache                       = true                                      {product} {ergonomic}
   size_t SoftMaxHeapSize                          = 6383730688                             {manageable} {ergonomic}
     bool UseCompressedClassPointers               = true                           {product lp64_product} {ergonomic}
     bool UseCompressedOops                        = true                           {product lp64_product} {ergonomic}
     bool UseG1GC                                  = true                                      {product} {ergonomic}
     bool UseLargePagesIndividualAllocation        = false                                  {pd product} {ergonomic}

Logging:
Log output configuration:
 #0: stdout all=warning uptime,level,tags foldmultilines=false
 #1: stderr all=off uptime,level,tags foldmultilines=false

Environment Variables:
JAVA_HOME=C:\java\jdk-20\bin
PATH=C:\Program Files\Common Files\Oracle\Java\javapath;C:\Program Files (x86)\RSA SecurID Token Common;C:\Program Files\RSA SecurID Token Common;C:\Python39\Scripts\;C:\Python39\;C:\Windows\system32;C:\Windows;C:\Windows\System32\Wbem;C:\Windows\System32\WindowsPowerShell\v1.0\;C:\Windows\System32\OpenSSH\;C:\Program Files\NVIDIA Corporation\NVIDIA NvDLISR;C:\Program Files (x86)\NVIDIA Corporation\PhysX\Common;C:\ProgramData\chocolatey\bin;C:\Program Files\Amazon\AWSCLIV2\;C:\Users\Admin\Documents\apache-maven-3.6.3-bin\apache-maven-3.6.3\bin;C:\Users\Admin\AppData\Roaming\npm\node_modules\@angular\cli\bin\ng;C:\Users\Admin\AppData\Roaming\npm\;C:\Program Files (x86)\Microsoft SQL Server\110\Tools\Binn\;C:\Program Files\Microsoft SQL Server\110\Tools\Binn\;C:\Program Files\Microsoft SQL Server\110\DTS\Binn\;C:\Program Files (x86)\Microsoft SQL Server\110\Tools\Binn\ManagementStudio\;C:\Program Files (x86)\Microsoft Visual Studio 10.0\Common7\IDE\PrivateAssemblies\;C:\Program Files (x86)\Microsoft SQL Server\110\DTS\Binn\;C:\Program Files\Azure Data Studio\bin;C:\Program Files\Microsoft DNX\Dnvm\;C:\Program Files\Microsoft SQL Server\130\Tools\Binn\;C:\Program Files\dotnet\;C:\Program Files (x86)\GtkSharp\2.12\bin;C:\c++\bin;C:\WINDOWS\system32;C:\WINDOWS;C:\WINDOWS\System32\Wbem;C:\WINDOWS\System32\WindowsPowerShell\v1.0\;C:\WINDOWS\System32\OpenSSH\;C:\Program Files (x86)\Microsoft SQL Server\150\DTS\Binn\;C:\Program Files\Git\cmd;C:\Program Files\Docker\Docker\resources\bin;C:\Program Files\Amazon\SessionManagerPlugin\bin\;C:\Gradle\gradle-8.1.1\bin;C:\java\jdk-17\bin;C:\Users\Admin\AppData\Local\Programs\Python\Python311\Scripts\;C:\Users\Admin\AppData\Local\Programs\Python\Python311\;C:\Program Files\RSA SecurID Token Common\;C:\Program Files\Azure Data Studio\bin;C:\Program Files\JetBrains\IntelliJ IDEA Community Edition 2023.1\bin;;C:\Users\Admin\.dotnet\tools;C:\sonar-scanner-msbuild;C:\Program Files (x86)\MSBuild\14.0\Bin;C:\Program Files\JetBrains\PyCharm Community Edition 2021.2.3\bin;;C:\Users\Admin\AppData\Local\Microsoft\WindowsApps;C:\Users\Admin\Documents\openjdk-18.0.2.1_windows-x64_bin\jdk-18.0.2.1\bin;C:\Users\Admin\AppData\Local\Programs\Microsoft VS Code\bin;C:\java\jdk-20\bin;
USERNAME=Admin
OS=Windows_NT
PROCESSOR_IDENTIFIER=Intel64 Family 6 Model 142 Stepping 12, GenuineIntel
TMP=C:\Users\Admin\AppData\Local\Temp
TEMP=C:\Users\Admin\AppData\Local\Temp




---------------  S Y S T E M  ---------------

OS:
 Windows 11 , 64 bit Build 22000 (10.0.22000.2003)
OS uptime: 0 days 13:07 hours
Hyper-V role detected

CPU: total 8 (initial active 8) (4 cores per cpu, 2 threads per core) family 6 model 142 stepping 12 microcode 0xf0, cx8, cmov, fxsr, ht, mmx, 3dnowpref, sse, sse2, sse3, ssse3, sse4.1, sse4.2, popcnt, lzcnt, tsc, tscinvbit, avx, avx2, aes, erms, clmul, bmi1, bmi2, adx, fma, vzeroupper, clflush, clflushopt, hv, rdtscp, f16c

Memory: 4k page, system-wide physical 24336M (542M free)
TotalPageFile size 30480M (AvailPageFile size 173M)
current process WorkingSet (physical memory assigned to process): 10M, peak: 10M
current process commit charge ("private bytes"): 60M, peak: 444M

vm_info: OpenJDK 64-Bit Server VM (20.0.1+9-29) for windows-amd64 JRE (20.0.1+9-29), built on 2023-03-07T13:56:11Z by "mach5one" with MS VC++ 17.1 (VS2022)

END.
